<?xml version="1.0" encoding="UTF-8"?>
<robot generator="Robot 3.2.1 (Python 3.6.5 on win32)" generated="20200602 20:19:33.573" rpa="false">
<suite id="s1" name="Chrome" source="E:\Workplace\Python\testRobot\TestSuites\TestChrome\chrome.robot">
<test id="s1-t1" name="Test1">
<kw name="Open Browser" library="SeleniumLibrary">
<doc>Opens a new browser instance to the optional ``url``.</doc>
<arguments>
<arg>${oracle}</arg>
<arg>chrome</arg>
</arguments>
<msg timestamp="20200602 20:19:33.803" level="INFO">Opening browser 'chrome' to base url 'https://profile.oracle.com/myprofile/account/create-account.jspx'.</msg>
<status status="PASS" starttime="20200602 20:19:33.802" endtime="20200602 20:19:43.683"></status>
</kw>
<kw name="Input Account And Password">
<kw name="Input Text" library="SeleniumLibrary">
<doc>Types the given ``text`` into the text field identified by ``locator``.</doc>
<arguments>
<arg>id=email::content</arg>
<arg>email@163.com</arg>
</arguments>
<msg timestamp="20200602 20:19:43.685" level="INFO">Typing text 'email@163.com' into text field 'id=email::content'.</msg>
<status status="PASS" starttime="20200602 20:19:43.684" endtime="20200602 20:19:43.819"></status>
</kw>
<kw name="Input Password" library="SeleniumLibrary">
<doc>Types the given password into the text field identified by ``locator``.</doc>
<arguments>
<arg>id=password::content</arg>
<arg>password</arg>
</arguments>
<msg timestamp="20200602 20:19:43.820" level="INFO">Typing password into text field 'id=password::content'.</msg>
<msg timestamp="20200602 20:19:43.869" level="INFO">Temporally setting log level to: NONE</msg>
<msg timestamp="20200602 20:19:43.929" level="INFO">Log level changed from NONE to INFO.</msg>
<status status="PASS" starttime="20200602 20:19:43.820" endtime="20200602 20:19:43.929"></status>
</kw>
<kw name="Input Password" library="SeleniumLibrary">
<doc>Types the given password into the text field identified by ``locator``.</doc>
<arguments>
<arg>id=retypePassword::content</arg>
<arg>password</arg>
</arguments>
<msg timestamp="20200602 20:19:43.929" level="INFO">Typing password into text field 'id=retypePassword::content'.</msg>
<msg timestamp="20200602 20:19:43.969" level="INFO">Temporally setting log level to: NONE</msg>
<msg timestamp="20200602 20:19:44.021" level="INFO">Log level changed from NONE to INFO.</msg>
<status status="PASS" starttime="20200602 20:19:43.929" endtime="20200602 20:19:44.021"></status>
</kw>
<status status="PASS" starttime="20200602 20:19:43.684" endtime="20200602 20:19:44.021"></status>
</kw>
<kw name="Input Name">
<arguments>
<arg>${frstNameCN}</arg>
<arg>${lastNameCN}</arg>
<arg>${frstNameEN}</arg>
<arg>${lastNameEN}</arg>
</arguments>
<kw name="Input Text" library="SeleniumLibrary">
<doc>Types the given ``text`` into the text field identified by ``locator``.</doc>
<arguments>
<arg>id=localLastName::content</arg>
<arg>${lastcn}</arg>
</arguments>
<msg timestamp="20200602 20:19:44.023" level="INFO">Typing text '焦' into text field 'id=localLastName::content'.</msg>
<status status="PASS" starttime="20200602 20:19:44.023" endtime="20200602 20:19:44.105"></status>
</kw>
<kw name="Input Text" library="SeleniumLibrary">
<doc>Types the given ``text`` into the text field identified by ``locator``.</doc>
<arguments>
<arg>id=localFirstName::content</arg>
<arg>${frstcn}</arg>
</arguments>
<msg timestamp="20200602 20:19:44.106" level="INFO">Typing text '若鸿' into text field 'id=localFirstName::content'.</msg>
<status status="PASS" starttime="20200602 20:19:44.106" endtime="20200602 20:19:44.204"></status>
</kw>
<kw name="Input Text" library="SeleniumLibrary">
<doc>Types the given ``text`` into the text field identified by ``locator``.</doc>
<arguments>
<arg>id=lastName::content</arg>
<arg>${lasten}</arg>
</arguments>
<msg timestamp="20200602 20:19:44.205" level="INFO">Typing text 'Ruohong' into text field 'id=lastName::content'.</msg>
<status status="PASS" starttime="20200602 20:19:44.204" endtime="20200602 20:19:44.308"></status>
</kw>
<kw name="Input Text" library="SeleniumLibrary">
<doc>Types the given ``text`` into the text field identified by ``locator``.</doc>
<arguments>
<arg>id=firstName::content</arg>
<arg>${frsten}</arg>
</arguments>
<msg timestamp="20200602 20:19:44.309" level="INFO">Typing text 'Jiao' into text field 'id=firstName::content'.</msg>
<status status="PASS" starttime="20200602 20:19:44.308" endtime="20200602 20:19:44.398"></status>
</kw>
<status status="PASS" starttime="20200602 20:19:44.022" endtime="20200602 20:19:44.398"></status>
</kw>
<kw name="Contatenate Two Values">
<arguments>
<arg>Nanjing</arg>
<arg>Jiangning</arg>
</arguments>
<assign>
<var>${res}</var>
</assign>
<kw name="Concatenate Values" library="UserKeywords">
<arguments>
<arg>${val1}</arg>
<arg>${val2}</arg>
</arguments>
<assign>
<var>${ans}</var>
</assign>
<msg timestamp="20200602 20:19:44.399" level="INFO">${ans} = Nanjing_Jiangning</msg>
<status status="PASS" starttime="20200602 20:19:44.399" endtime="20200602 20:19:44.399"></status>
</kw>
<msg timestamp="20200602 20:19:44.399" level="INFO">${res} = Nanjing_Jiangning</msg>
<status status="PASS" starttime="20200602 20:19:44.398" endtime="20200602 20:19:44.399"></status>
</kw>
<kw name="Log" library="BuiltIn">
<doc>Logs the given message with the given level.</doc>
<arguments>
<arg>${res}</arg>
</arguments>
<msg timestamp="20200602 20:19:44.400" level="INFO">Nanjing_Jiangning</msg>
<status status="PASS" starttime="20200602 20:19:44.400" endtime="20200602 20:19:44.400"></status>
</kw>
<kw name="Input Addr">
<arguments>
<arg>${res}</arg>
</arguments>
<kw name="Input Text" library="SeleniumLibrary">
<doc>Types the given ``text`` into the text field identified by ``locator``.</doc>
<arguments>
<arg>id=address1::content</arg>
<arg>${addr}</arg>
</arguments>
<msg timestamp="20200602 20:19:44.401" level="INFO">Typing text 'Nanjing_Jiangning' into text field 'id=address1::content'.</msg>
<status status="PASS" starttime="20200602 20:19:44.401" endtime="20200602 20:19:44.560"></status>
</kw>
<status status="PASS" starttime="20200602 20:19:44.400" endtime="20200602 20:19:44.560"></status>
</kw>
<kw name="Close Browser" library="SeleniumLibrary">
<doc>Closes the current browser.</doc>
<status status="PASS" starttime="20200602 20:19:44.560" endtime="20200602 20:19:46.668"></status>
</kw>
<status status="PASS" starttime="20200602 20:19:33.801" endtime="20200602 20:19:46.669" critical="yes"></status>
</test>
<status status="PASS" starttime="20200602 20:19:33.574" endtime="20200602 20:19:46.671"></status>
</suite>
<statistics>
<total>
<stat pass="1" fail="0">Critical Tests</stat>
<stat pass="1" fail="0">All Tests</stat>
</total>
<tag>
</tag>
<suite>
<stat pass="1" fail="0" id="s1" name="Chrome">Chrome</stat>
</suite>
</statistics>
<errors>
</errors>
</robot>
