<?xml version="1.0" encoding="UTF-8"?>
<robot generator="Robot 3.2.1 (Python 3.6.5 on win32)" generated="20200602 20:26:51.944" rpa="false">
<suite id="s1" name="Chrome" source="E:\github.com\jiaoruohong\testRobot\TestSuites\TestChrome\chrome.robot">
<test id="s1-t1" name="Test1">
<kw name="Open Browser" library="SeleniumLibrary">
<doc>Opens a new browser instance to the optional ``url``.</doc>
<arguments>
<arg>${oracle}</arg>
<arg>chrome</arg>
</arguments>
<msg timestamp="20200602 20:26:52.177" level="INFO">Opening browser 'chrome' to base url 'https://profile.oracle.com/myprofile/account/create-account.jspx'.</msg>
<status status="PASS" starttime="20200602 20:26:52.176" endtime="20200602 20:27:26.728"></status>
</kw>
<kw name="Input Account And Password">
<kw name="Input Text" library="SeleniumLibrary">
<doc>Types the given ``text`` into the text field identified by ``locator``.</doc>
<arguments>
<arg>id=email::content</arg>
<arg>email@163.com</arg>
</arguments>
<msg timestamp="20200602 20:27:26.729" level="INFO">Typing text 'email@163.com' into text field 'id=email::content'.</msg>
<status status="PASS" starttime="20200602 20:27:26.729" endtime="20200602 20:27:26.895"></status>
</kw>
<kw name="Input Password" library="SeleniumLibrary">
<doc>Types the given password into the text field identified by ``locator``.</doc>
<arguments>
<arg>id=password::content</arg>
<arg>password</arg>
</arguments>
<msg timestamp="20200602 20:27:26.895" level="INFO">Typing password into text field 'id=password::content'.</msg>
<msg timestamp="20200602 20:27:26.935" level="INFO">Temporally setting log level to: NONE</msg>
<msg timestamp="20200602 20:27:27.038" level="INFO">Log level changed from NONE to INFO.</msg>
<status status="PASS" starttime="20200602 20:27:26.895" endtime="20200602 20:27:27.038"></status>
</kw>
<kw name="Input Password" library="SeleniumLibrary">
<doc>Types the given password into the text field identified by ``locator``.</doc>
<arguments>
<arg>id=retypePassword::content</arg>
<arg>password</arg>
</arguments>
<msg timestamp="20200602 20:27:27.038" level="INFO">Typing password into text field 'id=retypePassword::content'.</msg>
<msg timestamp="20200602 20:27:27.084" level="INFO">Temporally setting log level to: NONE</msg>
<msg timestamp="20200602 20:27:27.152" level="INFO">Log level changed from NONE to INFO.</msg>
<status status="PASS" starttime="20200602 20:27:27.038" endtime="20200602 20:27:27.152"></status>
</kw>
<status status="PASS" starttime="20200602 20:27:26.729" endtime="20200602 20:27:27.152"></status>
</kw>
<kw name="Input Name">
<arguments>
<arg>${frstNameCN}</arg>
<arg>${lastNameCN}</arg>
<arg>${frstNameEN}</arg>
<arg>${lastNameEN}</arg>
</arguments>
<kw name="Input Text" library="SeleniumLibrary">
<doc>Types the given ``text`` into the text field identified by ``locator``.</doc>
<arguments>
<arg>id=localLastName::content</arg>
<arg>${lastcn}</arg>
</arguments>
<msg timestamp="20200602 20:27:27.153" level="INFO">Typing text '焦' into text field 'id=localLastName::content'.</msg>
<status status="PASS" starttime="20200602 20:27:27.153" endtime="20200602 20:27:27.230"></status>
</kw>
<kw name="Input Text" library="SeleniumLibrary">
<doc>Types the given ``text`` into the text field identified by ``locator``.</doc>
<arguments>
<arg>id=localFirstName::content</arg>
<arg>${frstcn}</arg>
</arguments>
<msg timestamp="20200602 20:27:27.231" level="INFO">Typing text '若鸿' into text field 'id=localFirstName::content'.</msg>
<status status="PASS" starttime="20200602 20:27:27.231" endtime="20200602 20:27:27.311"></status>
</kw>
<kw name="Input Text" library="SeleniumLibrary">
<doc>Types the given ``text`` into the text field identified by ``locator``.</doc>
<arguments>
<arg>id=lastName::content</arg>
<arg>${lasten}</arg>
</arguments>
<msg timestamp="20200602 20:27:27.311" level="INFO">Typing text 'Ruohong' into text field 'id=lastName::content'.</msg>
<status status="PASS" starttime="20200602 20:27:27.311" endtime="20200602 20:27:27.417"></status>
</kw>
<kw name="Input Text" library="SeleniumLibrary">
<doc>Types the given ``text`` into the text field identified by ``locator``.</doc>
<arguments>
<arg>id=firstName::content</arg>
<arg>${frsten}</arg>
</arguments>
<msg timestamp="20200602 20:27:27.417" level="INFO">Typing text 'Jiao' into text field 'id=firstName::content'.</msg>
<status status="PASS" starttime="20200602 20:27:27.417" endtime="20200602 20:27:27.511"></status>
</kw>
<status status="PASS" starttime="20200602 20:27:27.152" endtime="20200602 20:27:27.511"></status>
</kw>
<kw name="Contatenate Two Values">
<arguments>
<arg>Nanjing</arg>
<arg>Jiangning</arg>
</arguments>
<assign>
<var>${res}</var>
</assign>
<kw name="Concatenate Values" library="UserKeywords">
<arguments>
<arg>${val1}</arg>
<arg>${val2}</arg>
</arguments>
<assign>
<var>${ans}</var>
</assign>
<msg timestamp="20200602 20:27:27.512" level="INFO">${ans} = Nanjing_Jiangning</msg>
<status status="PASS" starttime="20200602 20:27:27.512" endtime="20200602 20:27:27.512"></status>
</kw>
<msg timestamp="20200602 20:27:27.512" level="INFO">${res} = Nanjing_Jiangning</msg>
<status status="PASS" starttime="20200602 20:27:27.511" endtime="20200602 20:27:27.512"></status>
</kw>
<kw name="Log" library="BuiltIn">
<doc>Logs the given message with the given level.</doc>
<arguments>
<arg>${res}</arg>
</arguments>
<msg timestamp="20200602 20:27:27.513" level="INFO">Nanjing_Jiangning</msg>
<status status="PASS" starttime="20200602 20:27:27.513" endtime="20200602 20:27:27.513"></status>
</kw>
<kw name="Input Addr">
<arguments>
<arg>${res}</arg>
</arguments>
<kw name="Input Text" library="SeleniumLibrary">
<doc>Types the given ``text`` into the text field identified by ``locator``.</doc>
<arguments>
<arg>id=address1::content</arg>
<arg>${addr}</arg>
</arguments>
<msg timestamp="20200602 20:27:27.514" level="INFO">Typing text 'Nanjing_Jiangning' into text field 'id=address1::content'.</msg>
<status status="PASS" starttime="20200602 20:27:27.514" endtime="20200602 20:27:27.667"></status>
</kw>
<status status="PASS" starttime="20200602 20:27:27.514" endtime="20200602 20:27:27.667"></status>
</kw>
<kw name="Close Browser" library="SeleniumLibrary">
<doc>Closes the current browser.</doc>
<status status="PASS" starttime="20200602 20:27:27.668" endtime="20200602 20:27:29.785"></status>
</kw>
<status status="PASS" starttime="20200602 20:26:52.175" endtime="20200602 20:27:29.786" critical="yes"></status>
</test>
<status status="PASS" starttime="20200602 20:26:51.945" endtime="20200602 20:27:29.788"></status>
</suite>
<statistics>
<total>
<stat pass="1" fail="0">Critical Tests</stat>
<stat pass="1" fail="0">All Tests</stat>
</total>
<tag>
</tag>
<suite>
<stat pass="1" fail="0" id="s1" name="Chrome">Chrome</stat>
</suite>
</statistics>
<errors>
</errors>
</robot>
